Linear-CD-2D results
Number of interior x-grid pts: N = 29
Number of interior y-grid pts: M = 29
Approximate solution: x_i, y_j, u_ij
 0.00000    0.00000    0.10000
 0.00000    0.03333    0.10000
 0.00000    0.06667    0.10000
 0.00000    0.10000    0.10000
 0.00000    0.13333    0.10000
 0.00000    0.16667    0.10000
 0.00000    0.20000    0.10000
 0.00000    0.23333    0.10000
 0.00000    0.26667    0.10000
 0.00000    0.30000    0.10000
 0.00000    0.33333    0.10000
 0.00000    0.36667    0.10000
 0.00000    0.40000    0.10000
 0.00000    0.43333    0.10000
 0.00000    0.46667    0.10000
 0.00000    0.50000    0.10000
 0.00000    0.53333    0.10000
 0.00000    0.56667    0.10000
 0.00000    0.60000    0.10000
 0.00000    0.63333    0.10000
 0.00000    0.66667    0.10000
 0.00000    0.70000    0.10000
 0.00000    0.73333    0.10000
 0.00000    0.76667    0.10000
 0.00000    0.80000    0.10000
 0.00000    0.83333    0.10000
 0.00000    0.86667    0.10000
 0.00000    0.90000    0.10000
 0.00000    0.93333    0.10000
 0.00000    0.96667    0.10000
 0.00000    1.00000    0.10000
 0.03333    0.00000    0.10000
 0.03333    0.03333    0.10735
 0.03333    0.06667    0.11276
 0.03333    0.10000    0.11711
 0.03333    0.13333    0.12053
 0.03333    0.16667    0.12287
 0.03333    0.20000    0.12398
 0.03333    0.23333    0.12380
 0.03333    0.26667    0.12244
 0.03333    0.30000    0.12014
 0.03333    0.33333    0.11726
 0.03333    0.36667    0.11418
 0.03333    0.40000    0.11122
 0.03333    0.43333    0.10858
 0.03333    0.46667    0.10639
 0.03333    0.50000    0.10467
 0.03333    0.53333    0.10338
 0.03333    0.56667    0.10243
 0.03333    0.60000    0.10176
 0.03333    0.63333    0.10128
 0.03333    0.66667    0.10095
 0.03333    0.70000    0.10071
 0.03333    0.73333    0.10054
 0.03333    0.76667    0.10042
 0.03333    0.80000    0.10033
 0.03333    0.83333    0.10026
 0.03333    0.86667    0.10021
 0.03333    0.90000    0.10016
 0.03333    0.93333    0.10012
 0.03333    0.96667    0.10007
 0.03333    1.00000    0.10000
 0.06667    0.00000    0.10000
 0.06667    0.03333    0.11572
 0.06667    0.06667    0.12790
 0.06667    0.10000    0.13773
 0.06667    0.13333    0.14542
 0.06667    0.16667    0.15071
 0.06667    0.20000    0.15331
 0.06667    0.23333    0.15312
 0.06667    0.26667    0.15036
 0.06667    0.30000    0.14556
 0.06667    0.33333    0.13946
 0.06667    0.36667    0.13283
 0.06667    0.40000    0.12634
 0.06667    0.43333    0.12050
 0.06667    0.46667    0.11556
 0.06667    0.50000    0.11160
 0.06667    0.53333    0.10855
 0.06667    0.56667    0.10627
 0.06667    0.60000    0.10462
 0.06667    0.63333    0.10342
 0.06667    0.66667    0.10256
 0.06667    0.70000    0.10194
 0.06667    0.73333    0.10149
 0.06667    0.76667    0.10116
 0.06667    0.80000    0.10091
 0.06667    0.83333    0.10072
 0.06667    0.86667    0.10057
 0.06667    0.90000    0.10044
 0.06667    0.93333    0.10032
 0.06667    0.96667    0.10019
 0.06667    1.00000    0.10000
 0.10000    0.00000    0.10000
 0.10000    0.03333    0.12501
 0.10000    0.06667    0.14497
 0.10000    0.10000    0.16121
 0.10000    0.13333    0.17393
 0.10000    0.16667    0.18272
 0.10000    0.20000    0.18719
 0.10000    0.23333    0.18719
 0.10000    0.26667    0.18308
 0.10000    0.30000    0.17569
 0.10000    0.33333    0.16614
 0.10000    0.36667    0.15562
 0.10000    0.40000    0.14522
 0.10000    0.43333    0.13572
 0.10000    0.46667    0.12756
 0.10000    0.50000    0.12091
 0.10000    0.53333    0.11570
 0.10000    0.56667    0.11173
 0.10000    0.60000    0.10878
 0.10000    0.63333    0.10660
 0.10000    0.66667    0.10501
 0.10000    0.70000    0.10384
 0.10000    0.73333    0.10298
 0.10000    0.76667    0.10233
 0.10000    0.80000    0.10184
 0.10000    0.83333    0.10146
 0.10000    0.86667    0.10116
 0.10000    0.90000    0.10090
 0.10000    0.93333    0.10066
 0.10000    0.96667    0.10038
 0.10000    1.00000    0.10000
 0.13333    0.00000    0.10000
 0.13333    0.03333    0.13475
 0.13333    0.06667    0.16305
 0.13333    0.10000    0.18627
 0.13333    0.13333    0.20450
 0.13333    0.16667    0.21721
 0.13333    0.20000    0.22386
 0.13333    0.23333    0.22431
 0.13333    0.26667    0.21904
 0.13333    0.30000    0.20915
 0.13333    0.33333    0.19616
 0.13333    0.36667    0.18170
 0.13333    0.40000    0.16723
 0.13333    0.43333    0.15384
 0.13333    0.46667    0.14220
 0.13333    0.50000    0.13255
 0.13333    0.53333    0.12487
 0.13333    0.56667    0.11891
 0.13333    0.60000    0.11439
 0.13333    0.63333    0.11099
 0.13333    0.66667    0.10846
 0.13333    0.70000    0.10656
 0.13333    0.73333    0.10514
 0.13333    0.76667    0.10406
 0.13333    0.80000    0.10323
 0.13333    0.83333    0.10258
 0.13333    0.86667    0.10206
 0.13333    0.90000    0.10160
 0.13333    0.93333    0.10117
 0.13333    0.96667    0.10068
 0.13333    1.00000    0.10000
 0.16667    0.00000    0.10000
 0.16667    0.03333    0.14421
 0.16667    0.06667    0.18083
 0.16667    0.10000    0.21110
 0.16667    0.13333    0.23498
 0.16667    0.16667    0.25178
 0.16667    0.20000    0.26084
 0.16667    0.23333    0.26201
 0.16667    0.26667    0.25590
 0.16667    0.30000    0.24387
 0.16667    0.33333    0.22778
 0.16667    0.36667    0.20964
 0.16667    0.40000    0.19129
 0.16667    0.43333    0.17410
 0.16667    0.46667    0.15896
 0.16667    0.50000    0.14623
 0.16667    0.53333    0.13591
 0.16667    0.56667    0.12778
 0.16667    0.60000    0.12149
 0.16667    0.63333    0.11668
 0.16667    0.66667    0.11302
 0.16667    0.70000    0.11023
 0.16667    0.73333    0.10810
 0.16667    0.76667    0.10647
 0.16667    0.80000    0.10519
 0.16667    0.83333    0.10418
 0.16667    0.86667    0.10335
 0.16667    0.90000    0.10262
 0.16667    0.93333    0.10192
 0.16667    0.96667    0.10111
 0.16667    1.00000    0.10000
 0.20000    0.00000    0.10000
 0.20000    0.03333    0.15260
 0.20000    0.06667    0.19684
 0.20000    0.10000    0.23369
 0.20000    0.13333    0.26292
 0.20000    0.16667    0.28369
 0.20000    0.20000    0.29524
 0.20000    0.23333    0.29744
 0.20000    0.26667    0.29098
 0.20000    0.30000    0.27741
 0.20000    0.33333    0.25889
 0.20000    0.36667    0.23771
 0.20000    0.40000    0.21603
 0.20000    0.43333    0.19547
 0.20000    0.46667    0.17711
 0.20000    0.50000    0.16145
 0.20000    0.53333    0.14855
 0.20000    0.56667    0.13820
 0.20000    0.60000    0.13004
 0.20000    0.63333    0.12369
 0.20000    0.66667    0.11876
 0.20000    0.70000    0.11494
 0.20000    0.73333    0.11198
 0.20000    0.76667    0.10966
 0.20000    0.80000    0.10782
 0.20000    0.83333    0.10635
 0.20000    0.86667    0.10512
 0.20000    0.90000    0.10403
 0.20000    0.93333    0.10296
 0.20000    0.96667    0.10172
 0.20000    1.00000    0.10000
 0.23333    0.00000    0.10000
 0.23333    0.03333    0.15923
 0.23333    0.06667    0.20976
 0.23333    0.10000    0.25220
 0.23333    0.13333    0.28608
 0.23333    0.16667    0.31043
 0.23333    0.20000    0.32443
 0.23333    0.23333    0.32793
 0.23333    0.26667    0.32171
 0.23333    0.30000    0.30742
 0.23333    0.33333    0.28740
 0.23333    0.36667    0.26415
 0.23333    0.40000    0.24000
 0.23333    0.43333    0.21681
 0.23333    0.46667    0.19580
 0.23333    0.50000    0.17759
 0.23333    0.53333    0.16235
 0.23333    0.56667    0.14989
 0.23333    0.60000    0.13990
 0.23333    0.63333    0.13196
 0.23333    0.66667    0.12569
 0.23333    0.70000    0.12074
 0.23333    0.73333    0.11683
 0.23333    0.76667    0.11372
 0.23333    0.80000    0.11122
 0.23333    0.83333    0.10918
 0.23333    0.86667    0.10746
 0.23333    0.90000    0.10592
 0.23333    0.93333    0.10437
 0.23333    0.96667    0.10255
 0.23333    1.00000    0.10000
 0.26667    0.00000    0.10000
 0.26667    0.03333    0.16362
 0.26667    0.06667    0.21870
 0.26667    0.10000    0.26535
 0.26667    0.13333    0.30287
 0.26667    0.16667    0.33018
 0.26667    0.20000    0.34645
 0.26667    0.23333    0.35150
 0.26667    0.26667    0.34613
 0.26667    0.30000    0.33204
 0.26667    0.33333    0.31161
 0.26667    0.36667    0.28743
 0.26667    0.40000    0.26192
 0.26667    0.43333    0.23705
 0.26667    0.46667    0.21417
 0.26667    0.50000    0.19401
 0.26667    0.53333    0.17683
 0.26667    0.56667    0.16253
 0.26667    0.60000    0.15083
 0.26667    0.63333    0.14136
 0.26667    0.66667    0.13374
 0.26667    0.70000    0.12762
 0.26667    0.73333    0.12269
 0.26667    0.76667    0.11871
 0.26667    0.80000    0.11546
 0.26667    0.83333    0.11277
 0.26667    0.86667    0.11045
 0.26667    0.90000    0.10834
 0.26667    0.93333    0.10618
 0.26667    0.96667    0.10362
 0.26667    1.00000    0.10000
 0.30000    0.00000    0.10000
 0.30000    0.03333    0.16566
 0.30000    0.06667    0.22334
 0.30000    0.10000    0.27264
 0.30000    0.13333    0.31263
 0.30000    0.16667    0.34218
 0.30000    0.20000    0.36041
 0.30000    0.23333    0.36717
 0.30000    0.26667    0.36323
 0.30000    0.30000    0.35024
 0.30000    0.33333    0.33050
 0.30000    0.36667    0.30657
 0.30000    0.40000    0.28086
 0.30000    0.43333    0.25537
 0.30000    0.46667    0.23150
 0.30000    0.50000    0.21010
 0.30000    0.53333    0.19151
 0.30000    0.56667    0.17574
 0.30000    0.60000    0.16259
 0.30000    0.63333    0.15172
 0.30000    0.66667    0.14281
 0.30000    0.70000    0.13552
 0.30000    0.73333    0.12955
 0.30000    0.76667    0.12465
 0.30000    0.80000    0.12058
 0.30000    0.83333    0.11715
 0.30000    0.86667    0.11416
 0.30000    0.90000    0.11137
 0.30000    0.93333    0.10847
 0.30000    0.96667    0.10497
 0.30000    1.00000    0.10000
 0.33333    0.00000    0.10000
 0.33333    0.03333    0.16555
 0.33333    0.06667    0.22397
 0.33333    0.10000    0.27439
 0.33333    0.13333    0.31570
 0.33333    0.16667    0.34671
 0.33333    0.20000    0.36656
 0.33333    0.23333    0.37511
 0.33333    0.26667    0.37304
 0.33333    0.30000    0.36190
 0.33333    0.33333    0.34382
 0.33333    0.36667    0.32121
 0.33333    0.40000    0.29638
 0.33333    0.43333    0.27126
 0.33333    0.46667    0.24730
 0.33333    0.50000    0.22539
 0.33333    0.53333    0.20598
 0.33333    0.56667    0.18918
 0.33333    0.60000    0.17488
 0.33333    0.63333    0.16283
 0.33333    0.66667    0.15276
 0.33333    0.70000    0.14437
 0.33333    0.73333    0.13738
 0.33333    0.76667    0.13153
 0.33333    0.80000    0.12660
 0.33333    0.83333    0.12237
 0.33333    0.86667    0.11861
 0.33333    0.90000    0.11504
 0.33333    0.93333    0.11127
 0.33333    0.96667    0.10663
 0.33333    1.00000    0.10000
 0.36667    0.00000    0.10000
 0.36667    0.03333    0.16375
 0.36667    0.06667    0.22136
 0.36667    0.10000    0.27161
 0.36667    0.13333    0.31322
 0.36667    0.16667    0.34500
 0.36667    0.20000    0.36613
 0.36667    0.23333    0.37643
 0.36667    0.26667    0.37652
 0.36667    0.30000    0.36776
 0.36667    0.33333    0.35206
 0.36667    0.36667    0.33160
 0.36667    0.40000    0.30851
 0.36667    0.43333    0.28462
 0.36667    0.46667    0.26133
 0.36667    0.50000    0.23959
 0.36667    0.53333    0.21993
 0.36667    0.56667    0.20255
 0.36667    0.60000    0.18745
 0.36667    0.63333    0.17448
 0.36667    0.66667    0.16342
 0.36667    0.70000    0.15404
 0.36667    0.73333    0.14608
 0.36667    0.76667    0.13931
 0.36667    0.80000    0.13351
 0.36667    0.83333    0.12844
 0.36667    0.86667    0.12385
 0.36667    0.90000    0.11940
 0.36667    0.93333    0.11460
 0.36667    0.96667    0.10862
 0.36667    1.00000    0.10000
 0.40000    0.00000    0.10000
 0.40000    0.03333    0.16087
 0.40000    0.06667    0.21660
 0.40000    0.10000    0.26573
 0.40000    0.13333    0.30689
 0.40000    0.16667    0.33890
 0.40000    0.20000    0.36098
 0.40000    0.23333    0.37294
 0.40000    0.26667    0.37528
 0.40000    0.30000    0.36917
 0.40000    0.33333    0.35626
 0.40000    0.36667    0.33847
 0.40000    0.40000    0.31770
 0.40000    0.43333    0.29564
 0.40000    0.46667    0.27363
 0.40000    0.50000    0.25262
 0.40000    0.53333    0.23319
 0.40000    0.56667    0.21566
 0.40000    0.60000    0.20011
 0.40000    0.63333    0.18648
 0.40000    0.66667    0.17463
 0.40000    0.70000    0.16440
 0.40000    0.73333    0.15556
 0.40000    0.76667    0.14792
 0.40000    0.80000    0.14126
 0.40000    0.83333    0.13534
 0.40000    0.86667    0.12986
 0.40000    0.90000    0.12445
 0.40000    0.93333    0.11849
 0.40000    0.96667    0.11095
 0.40000    1.00000    0.10000
 0.43333    0.00000    0.10000
 0.43333    0.03333    0.15756
 0.43333    0.06667    0.21088
 0.43333    0.10000    0.25836
 0.43333    0.13333    0.29863
 0.43333    0.16667    0.33052
 0.43333    0.20000    0.35331
 0.43333    0.23333    0.36677
 0.43333    0.26667    0.37129
 0.43333    0.30000    0.36784
 0.43333    0.33333    0.35783
 0.43333    0.36667    0.34290
 0.43333    0.40000    0.32473
 0.43333    0.43333    0.30484
 0.43333    0.46667    0.28447
 0.43333    0.50000    0.26457
 0.43333    0.53333    0.24576
 0.43333    0.56667    0.22841
 0.43333    0.60000    0.21271
 0.43333    0.63333    0.19867
 0.43333    0.66667    0.18625
 0.43333    0.70000    0.17532
 0.43333    0.73333    0.16572
 0.43333    0.76667    0.15728
 0.43333    0.80000    0.14979
 0.43333    0.83333    0.14301
 0.43333    0.86667    0.13663
 0.43333    0.90000    0.13018
 0.43333    0.93333    0.12293
 0.43333    0.96667    0.11362
 0.43333    1.00000    0.10000
 0.46667    0.00000    0.10000
 0.46667    0.03333    0.15444
 0.46667    0.06667    0.20534
 0.46667    0.10000    0.25110
 0.46667    0.13333    0.29035
 0.46667    0.16667    0.32201
 0.46667    0.20000    0.34534
 0.46667    0.23333    0.36011
 0.46667    0.26667    0.36661
 0.46667    0.30000    0.36563
 0.46667    0.33333    0.35834
 0.46667    0.36667    0.34617
 0.46667    0.40000    0.33057
 0.46667    0.43333    0.31290
 0.46667    0.46667    0.29431
 0.46667    0.50000    0.27570
 0.46667    0.53333    0.25773
 0.46667    0.56667    0.24082
 0.46667    0.60000    0.22520
 0.46667    0.63333    0.21098
 0.46667    0.66667    0.19816
 0.46667    0.70000    0.18669
 0.46667    0.73333    0.17645
 0.46667    0.76667    0.16730
 0.46667    0.80000    0.15903
 0.46667    0.83333    0.15142
 0.46667    0.86667    0.14410
 0.46667    0.90000    0.13655
 0.46667    0.93333    0.12789
 0.46667    0.96667    0.11662
 0.46667    1.00000    0.10000
 0.50000    0.00000    0.10000
 0.50000    0.03333    0.15205
 0.50000    0.06667    0.20102
 0.50000    0.10000    0.24539
 0.50000    0.13333    0.28384
 0.50000    0.16667    0.31534
 0.50000    0.20000    0.33917
 0.50000    0.23333    0.35507
 0.50000    0.26667    0.36325
 0.50000    0.30000    0.36436
 0.50000    0.33333    0.35940
 0.50000    0.36667    0.34962
 0.50000    0.40000    0.33628
 0.50000    0.43333    0.32063
 0.50000    0.46667    0.30372
 0.50000    0.50000    0.28641
 0.50000    0.53333    0.26934
 0.50000    0.56667    0.25297
 0.50000    0.60000    0.23759
 0.50000    0.63333    0.22334
 0.50000    0.66667    0.21028
 0.50000    0.70000    0.19841
 0.50000    0.73333    0.18764
 0.50000    0.76667    0.17786
 0.50000    0.80000    0.16888
 0.50000    0.83333    0.16045
 0.50000    0.86667    0.15220
 0.50000    0.90000    0.14350
 0.50000    0.93333    0.13334
 0.50000    0.96667    0.11992
 0.50000    1.00000    0.10000
 0.53333    0.00000    0.10000
 0.53333    0.03333    0.15085
 0.53333    0.06667    0.19880
 0.53333    0.10000    0.24246
 0.53333    0.13333    0.28061
 0.53333    0.16667    0.31223
 0.53333    0.20000    0.33662
 0.53333    0.23333    0.35350
 0.53333    0.26667    0.36300
 0.53333    0.30000    0.36570
 0.53333    0.33333    0.36250
 0.53333    0.36667    0.35452
 0.53333    0.40000    0.34293
 0.53333    0.43333    0.32887
 0.53333    0.46667    0.31333
 0.53333    0.50000    0.29712
 0.53333    0.53333    0.28087
 0.53333    0.56667    0.26505
 0.53333    0.60000    0.24994
 0.53333    0.63333    0.23575
 0.53333    0.66667    0.22255
 0.53333    0.70000    0.21038
 0.53333    0.73333    0.19917
 0.53333    0.76667    0.18884
 0.53333    0.80000    0.17921
 0.53333    0.83333    0.17002
 0.53333    0.86667    0.16083
 0.53333    0.90000    0.15095
 0.53333    0.93333    0.13920
 0.53333    0.96667    0.12348
 0.53333    1.00000    0.10000
 0.56667    0.00000    0.10000
 0.56667    0.03333    0.15118
 0.56667    0.06667    0.19933
 0.56667    0.10000    0.24326
 0.56667    0.13333    0.28182
 0.56667    0.16667    0.31401
 0.56667    0.20000    0.33913
 0.56667    0.23333    0.35685
 0.56667    0.26667    0.36730
 0.56667    0.30000    0.37101
 0.56667    0.33333    0.36888
 0.56667    0.36667    0.36197
 0.56667    0.40000    0.35144
 0.56667    0.43333    0.33837
 0.56667    0.46667    0.32372
 0.56667    0.50000    0.30826
 0.56667    0.53333    0.29261
 0.56667    0.56667    0.27719
 0.56667    0.60000    0.26233
 0.56667    0.63333    0.24819
 0.56667    0.66667    0.23490
 0.56667    0.70000    0.22249
 0.56667    0.73333    0.21092
 0.56667    0.76667    0.20011
 0.56667    0.80000    0.18988
 0.56667    0.83333    0.17995
 0.56667    0.86667    0.16985
 0.56667    0.90000    0.15878
 0.56667    0.93333    0.14538
 0.56667    0.96667    0.12724
 0.56667    1.00000    0.10000
 0.60000    0.00000    0.10000
 0.60000    0.03333    0.15321
 0.60000    0.06667    0.20297
 0.60000    0.10000    0.24832
 0.60000    0.13333    0.28815
 0.60000    0.16667    0.32148
 0.60000    0.20000    0.34755
 0.60000    0.23333    0.36603
 0.60000    0.26667    0.37705
 0.60000    0.30000    0.38117
 0.60000    0.33333    0.37935
 0.60000    0.36667    0.37271
 0.60000    0.40000    0.36244
 0.60000    0.43333    0.34966
 0.60000    0.46667    0.33530
 0.60000    0.50000    0.32014
 0.60000    0.53333    0.30474
 0.60000    0.56667    0.28952
 0.60000    0.60000    0.27475
 0.60000    0.63333    0.26062
 0.60000    0.66667    0.24722
 0.60000    0.70000    0.23459
 0.60000    0.73333    0.22271
 0.60000    0.76667    0.21146
 0.60000    0.80000    0.20068
 0.60000    0.83333    0.19006
 0.60000    0.86667    0.17907
 0.60000    0.90000    0.16681
 0.60000    0.93333    0.15174
 0.60000    0.96667    0.13111
 0.60000    1.00000    0.10000
 0.63333    0.00000    0.10000
 0.63333    0.03333    0.15692
 0.63333    0.06667    0.20971
 0.63333    0.10000    0.25762
 0.63333    0.13333    0.29961
 0.63333    0.16667    0.33465
 0.63333    0.20000    0.36194
 0.63333    0.23333    0.38112
 0.63333    0.26667    0.39235
 0.63333    0.30000    0.39631
 0.63333    0.33333    0.39407
 0.63333    0.36667    0.38689
 0.63333    0.40000    0.37609
 0.63333    0.43333    0.36286
 0.63333    0.46667    0.34817
 0.63333    0.50000    0.33279
 0.63333    0.53333    0.31726
 0.63333    0.56667    0.30195
 0.63333    0.60000    0.28710
 0.63333    0.63333    0.27286
 0.63333    0.66667    0.25931
 0.63333    0.70000    0.24646
 0.63333    0.73333    0.23426
 0.63333    0.76667    0.22263
 0.63333    0.80000    0.21134
 0.63333    0.83333    0.20007
 0.63333    0.86667    0.18823
 0.63333    0.90000    0.17482
 0.63333    0.93333    0.15810
 0.63333    0.96667    0.13500
 0.63333    1.00000    0.10000
 0.66667    0.00000    0.10000
 0.66667    0.03333    0.16200
 0.66667    0.06667    0.21901
 0.66667    0.10000    0.27046
 0.66667    0.13333    0.31535
 0.66667    0.16667    0.35258
 0.66667    0.20000    0.38130
 0.66667    0.23333    0.40113
 0.66667    0.26667    0.41228
 0.66667    0.30000    0.41559
 0.66667    0.33333    0.41230
 0.66667    0.36667    0.40391
 0.66667    0.40000    0.39188
 0.66667    0.43333    0.37755
 0.66667    0.46667    0.36196
 0.66667    0.50000    0.34588
 0.66667    0.53333    0.32983
 0.66667    0.56667    0.31416
 0.66667    0.60000    0.29904
 0.66667    0.63333    0.28457
 0.66667    0.66667    0.27080
 0.66667    0.70000    0.25770
 0.66667    0.73333    0.24521
 0.66667    0.76667    0.23321
 0.66667    0.80000    0.22147
 0.66667    0.83333    0.20961
 0.66667    0.86667    0.19699
 0.66667    0.90000    0.18250
 0.66667    0.93333    0.16421
 0.66667    0.96667    0.13873
 0.66667    1.00000    0.10000
 0.70000    0.00000    0.10000
 0.70000    0.03333    0.16787
 0.70000    0.06667    0.22977
 0.70000    0.10000    0.28533
 0.70000    0.13333    0.33354
 0.70000    0.16667    0.37324
 0.70000    0.20000    0.40349
 0.70000    0.23333    0.42389
 0.70000    0.26667    0.43476
 0.70000    0.30000    0.43707
 0.70000    0.33333    0.43232
 0.70000    0.36667    0.42223
 0.70000    0.40000    0.40851
 0.70000    0.43333    0.39261
 0.70000    0.46667    0.37570
 0.70000    0.50000    0.35858
 0.70000    0.53333    0.34174
 0.70000    0.56667    0.32548
 0.70000    0.60000    0.30993
 0.70000    0.63333    0.29514
 0.70000    0.66667    0.28110
 0.70000    0.70000    0.26775
 0.70000    0.73333    0.25499
 0.70000    0.76667    0.24268
 0.70000    0.80000    0.23055
 0.70000    0.83333    0.21818
 0.70000    0.86667    0.20488
 0.70000    0.90000    0.18942
 0.70000    0.93333    0.16973
 0.70000    0.96667    0.14211
 0.70000    1.00000    0.10000
 0.73333    0.00000    0.10000
 0.73333    0.03333    0.17363
 0.73333    0.06667    0.24041
 0.73333    0.10000    0.30004
 0.73333    0.13333    0.35151
 0.73333    0.16667    0.39358
 0.73333    0.20000    0.42524
 0.73333    0.23333    0.44610
 0.73333    0.26667    0.45654
 0.73333    0.30000    0.45772
 0.73333    0.33333    0.45136
 0.73333    0.36667    0.43942
 0.73333    0.40000    0.42383
 0.73333    0.43333    0.40621
 0.73333    0.46667    0.38783
 0.73333    0.50000    0.36952
 0.73333    0.53333    0.35177
 0.73333    0.56667    0.33484
 0.73333    0.60000    0.31881
 0.73333    0.63333    0.30367
 0.73333    0.66667    0.28936
 0.73333    0.70000    0.27579
 0.73333    0.73333    0.26283
 0.73333    0.76667    0.25028
 0.73333    0.80000    0.23787
 0.73333    0.83333    0.22512
 0.73333    0.86667    0.21129
 0.73333    0.90000    0.19508
 0.73333    0.93333    0.17425
 0.73333    0.96667    0.14488
 0.73333    1.00000    0.10000
 0.76667    0.00000    0.10000
 0.76667    0.03333    0.17826
 0.76667    0.06667    0.24896
 0.76667    0.10000    0.31187
 0.76667    0.13333    0.36592
 0.76667    0.16667    0.40983
 0.76667    0.20000    0.44252
 0.76667    0.23333    0.46361
 0.76667    0.26667    0.47356
 0.76667    0.30000    0.47367
 0.76667    0.33333    0.46583
 0.76667    0.36667    0.45223
 0.76667    0.40000    0.43497
 0.76667    0.43333    0.41583
 0.76667    0.46667    0.39613
 0.76667    0.50000    0.37676
 0.76667    0.53333    0.35822
 0.76667    0.56667    0.34071
 0.76667    0.60000    0.32428
 0.76667    0.63333    0.30889
 0.76667    0.66667    0.29443
 0.76667    0.70000    0.28075
 0.76667    0.73333    0.26771
 0.76667    0.76667    0.25508
 0.76667    0.80000    0.24254
 0.76667    0.83333    0.22961
 0.76667    0.86667    0.21548
 0.76667    0.90000    0.19881
 0.76667    0.93333    0.17725
 0.76667    0.96667    0.14673
 0.76667    1.00000    0.10000
 0.80000    0.00000    0.10000
 0.80000    0.03333    0.18065
 0.80000    0.06667    0.25340
 0.80000    0.10000    0.31795
 0.80000    0.13333    0.37324
 0.80000    0.16667    0.41793
 0.80000    0.20000    0.45094
 0.80000    0.23333    0.47188
 0.80000    0.26667    0.48129
 0.80000    0.30000    0.48053
 0.80000    0.33333    0.47164
 0.80000    0.36667    0.45691
 0.80000    0.40000    0.43854
 0.80000    0.43333    0.41841
 0.80000    0.46667    0.39790
 0.80000    0.50000    0.37791
 0.80000    0.53333    0.35893
 0.80000    0.56667    0.34117
 0.80000    0.60000    0.32463
 0.80000    0.63333    0.30923
 0.80000    0.66667    0.29484
 0.80000    0.70000    0.28128
 0.80000    0.73333    0.26838
 0.80000    0.76667    0.25590
 0.80000    0.80000    0.24349
 0.80000    0.83333    0.23065
 0.80000    0.86667    0.21656
 0.80000    0.90000    0.19983
 0.80000    0.93333    0.17812
 0.80000    0.96667    0.14728
 0.80000    1.00000    0.10000
 0.83333    0.00000    0.10000
 0.83333    0.03333    0.17983
 0.83333    0.06667    0.25181
 0.83333    0.10000    0.31560
 0.83333    0.13333    0.37010
 0.83333    0.16667    0.41400
 0.83333    0.20000    0.44624
 0.83333    0.23333    0.46646
 0.83333    0.26667    0.47522
 0.83333    0.30000    0.47391
 0.83333    0.33333    0.46456
 0.83333    0.36667    0.44947
 0.83333    0.40000    0.43086
 0.83333    0.43333    0.41061
 0.83333    0.46667    0.39009
 0.83333    0.50000    0.37021
 0.83333    0.53333    0.35143
 0.83333    0.56667    0.33396
 0.83333    0.60000    0.31779
 0.83333    0.63333    0.30281
 0.83333    0.66667    0.28888
 0.83333    0.70000    0.27581
 0.83333    0.73333    0.26339
 0.83333    0.76667    0.25139
 0.83333    0.80000    0.23946
 0.83333    0.83333    0.22710
 0.83333    0.86667    0.21349
 0.83333    0.90000    0.19728
 0.83333    0.93333    0.17616
 0.83333    0.96667    0.14611
 0.83333    1.00000    0.10000
 0.86667    0.00000    0.10000
 0.86667    0.03333    0.17496
 0.86667    0.06667    0.24260
 0.86667    0.10000    0.30249
 0.86667    0.13333    0.35357
 0.86667    0.16667    0.39461
 0.86667    0.20000    0.42463
 0.86667    0.23333    0.44332
 0.86667    0.26667    0.45120
 0.86667    0.30000    0.44962
 0.86667    0.33333    0.44049
 0.86667    0.36667    0.42599
 0.86667    0.40000    0.40822
 0.86667    0.43333    0.38895
 0.86667    0.46667    0.36949
 0.86667    0.50000    0.35069
 0.86667    0.53333    0.33302
 0.86667    0.56667    0.31662
 0.86667    0.60000    0.30151
 0.86667    0.63333    0.28758
 0.86667    0.66667    0.27466
 0.86667    0.70000    0.26258
 0.86667    0.73333    0.25114
 0.86667    0.76667    0.24009
 0.86667    0.80000    0.22911
 0.86667    0.83333    0.21773
 0.86667    0.86667    0.20517
 0.86667    0.90000    0.19019
 0.86667    0.93333    0.17064
 0.86667    0.96667    0.14277
 0.86667    1.00000    0.10000
 0.90000    0.00000    0.10000
 0.90000    0.03333    0.16540
 0.90000    0.06667    0.22443
 0.90000    0.10000    0.27665
 0.90000    0.13333    0.32113
 0.90000    0.16667    0.35678
 0.90000    0.20000    0.38277
 0.90000    0.23333    0.39885
 0.90000    0.26667    0.40548
 0.90000    0.30000    0.40384
 0.90000    0.33333    0.39563
 0.90000    0.36667    0.38274
 0.90000    0.40000    0.36703
 0.90000    0.43333    0.35004
 0.90000    0.46667    0.33292
 0.90000    0.50000    0.31643
 0.90000    0.53333    0.30096
 0.90000    0.56667    0.28665
 0.90000    0.60000    0.27351
 0.90000    0.63333    0.26142
 0.90000    0.66667    0.25025
 0.90000    0.70000    0.23983
 0.90000    0.73333    0.22999
 0.90000    0.76667    0.22050
 0.90000    0.80000    0.21108
 0.90000    0.83333    0.20130
 0.90000    0.86667    0.19052
 0.90000    0.90000    0.17764
 0.90000    0.93333    0.16082
 0.90000    0.96667    0.13683
 0.90000    1.00000    0.10000
 0.93333    0.00000    0.10000
 0.93333    0.03333    0.15047
 0.93333    0.06667    0.19596
 0.93333    0.10000    0.23614
 0.93333    0.13333    0.27030
 0.93333    0.16667    0.29762
 0.93333    0.20000    0.31745
 0.93333    0.23333    0.32961
 0.93333    0.26667    0.33447
 0.93333    0.30000    0.33295
 0.93333    0.33333    0.32637
 0.93333    0.36667    0.31622
 0.93333    0.40000    0.30392
 0.93333    0.43333    0.29069
 0.93333    0.46667    0.27741
 0.93333    0.50000    0.26465
 0.93333    0.53333    0.25271
 0.93333    0.56667    0.24171
 0.93333    0.60000    0.23163
 0.93333    0.63333    0.22238
 0.93333    0.66667    0.21386
 0.93333    0.70000    0.20593
 0.93333    0.73333    0.19845
 0.93333    0.76667    0.19125
 0.93333    0.80000    0.18411
 0.93333    0.83333    0.17671
 0.93333    0.86667    0.16854
 0.93333    0.90000    0.15879
 0.93333    0.93333    0.14605
 0.93333    0.96667    0.12789
 0.93333    1.00000    0.10000
 0.96667    0.00000    0.10000
 0.96667    0.03333    0.12925
 0.96667    0.06667    0.15542
 0.96667    0.10000    0.17849
 0.96667    0.13333    0.19806
 0.96667    0.16667    0.21366
 0.96667    0.20000    0.22491
 0.96667    0.23333    0.23169
 0.96667    0.26667    0.23425
 0.96667    0.30000    0.23312
 0.96667    0.33333    0.22910
 0.96667    0.36667    0.22305
 0.96667    0.40000    0.21582
 0.96667    0.43333    0.20810
 0.96667    0.46667    0.20040
 0.96667    0.50000    0.19304
 0.96667    0.53333    0.18618
 0.96667    0.56667    0.17989
 0.96667    0.60000    0.17414
 0.96667    0.63333    0.16889
 0.96667    0.66667    0.16405
 0.96667    0.70000    0.15957
 0.96667    0.73333    0.15534
 0.96667    0.76667    0.15128
 0.96667    0.80000    0.14725
 0.96667    0.83333    0.14309
 0.96667    0.86667    0.13849
 0.96667    0.90000    0.13301
 0.96667    0.93333    0.12585
 0.96667    0.96667    0.11565
 0.96667    1.00000    0.10000
 1.00000    0.00000    0.10000
 1.00000    0.03333    0.10000
 1.00000    0.06667    0.10000
 1.00000    0.10000    0.10000
 1.00000    0.13333    0.10000
 1.00000    0.16667    0.10000
 1.00000    0.20000    0.10000
 1.00000    0.23333    0.10000
 1.00000    0.26667    0.10000
 1.00000    0.30000    0.10000
 1.00000    0.33333    0.10000
 1.00000    0.36667    0.10000
 1.00000    0.40000    0.10000
 1.00000    0.43333    0.10000
 1.00000    0.46667    0.10000
 1.00000    0.50000    0.10000
 1.00000    0.53333    0.10000
 1.00000    0.56667    0.10000
 1.00000    0.60000    0.10000
 1.00000    0.63333    0.10000
 1.00000    0.66667    0.10000
 1.00000    0.70000    0.10000
 1.00000    0.73333    0.10000
 1.00000    0.76667    0.10000
 1.00000    0.80000    0.10000
 1.00000    0.83333    0.10000
 1.00000    0.86667    0.10000
 1.00000    0.90000    0.10000
 1.00000    0.93333    0.10000
 1.00000    0.96667    0.10000
 1.00000    1.00000    0.10000
